    Finished `release` profile [optimized + debuginfo] target(s) in 0.02s
     Running `target/release/e1_witness_gen --hash all --m 23,26,29 --iters 5 --groups auto --tsv ../results/e1_2026-07-02.tsv`

== keccak: m=23 (k_log=16, n_log=7, 128 instances, useful 333/512 chunks), 3x0.001 GB out, 1 threads ==
correctness check: OK
variant                     median ms     min ms   GB/s (med)
production-driver+stripe (G=8)       0.56       0.34          5.6
row-major (G=8)                  0.25       0.25         12.3
L1-full (G=64)                   0.65       0.62          4.9
L1-useful-nt (G=64)              0.46       0.45          6.8
L1-useful-stripe-nt (G=64)       0.67       0.64          4.7
compute-only (G=64)              0.25       0.24         12.8

== keccak: m=26 (k_log=16, n_log=10, 1024 instances, useful 333/512 chunks), 3x0.008 GB out, 1 threads ==
correctness check: OK
variant                     median ms     min ms   GB/s (med)
production-driver+stripe (G=8)       3.61       3.48          7.0
row-major (G=8)                  1.43       1.42         17.6
L1-full (G=64)                   3.84       3.71          6.6
L1-useful-nt (G=64)              2.56       2.51          9.8
L1-useful-stripe-nt (G=64)       3.71       3.63          6.8
compute-only (G=64)              1.43       1.40         17.6

== keccak: m=29 (k_log=16, n_log=13, 8192 instances, useful 333/512 chunks), 3x0.067 GB out, 1 threads ==
correctness check: OK
variant                     median ms     min ms   GB/s (med)
production-driver+stripe (G=8)      25.36      25.12          7.9
row-major (G=8)                 11.05      10.66         18.2
L1-full (G=64)                  44.99      44.72          4.5
L1-useful-nt (G=64)             18.83      18.47         10.7
L1-useful-stripe-nt (G=64)      29.77      29.09          6.8
compute-only (G=64)             11.03      10.67         18.3

== sha2: m=23 (k_log=15, n_log=8, 256 instances, useful 246/256 chunks), 3x0.001 GB out, 1 threads ==
correctness check: OK
variant                     median ms     min ms   GB/s (med)
production-driver+stripe (G=8)       0.50       0.50          6.3
row-major (G=8)                  0.32       0.32          9.7
L1-full (G=64)                   0.58       0.56          5.4
L1-useful-nt (G=64)              0.51       0.50          6.2
L1-useful-stripe-nt (G=64)       0.66       0.65          4.8
compute-only (G=64)              0.35       0.35          9.0

== sha2: m=26 (k_log=15, n_log=11, 2048 instances, useful 246/256 chunks), 3x0.008 GB out, 1 threads ==
correctness check: OK
variant                     median ms     min ms   GB/s (med)
production-driver+stripe (G=8)       4.49       4.35          5.6
row-major (G=8)                  2.55       2.55          9.9
L1-full (G=64)                   4.89       4.82          5.1
L1-useful-nt (G=64)              4.14       3.86          6.1
L1-useful-stripe-nt (G=64)       5.45       5.25          4.6
compute-only (G=64)              2.83       2.75          8.9

== sha2: m=29 (k_log=15, n_log=14, 16384 instances, useful 246/256 chunks), 3x0.067 GB out, 1 threads ==
correctness check: OK
variant                     median ms     min ms   GB/s (med)
production-driver+stripe (G=8)      36.22      34.81          5.6
row-major (G=8)                 21.56      21.15          9.3
L1-full (G=64)                  55.23      54.48          3.6
L1-useful-nt (G=64)             31.54      31.14          6.4
L1-useful-stripe-nt (G=64)      41.65      41.08          4.8
compute-only (G=64)             21.79      21.30          9.2

== blake3: m=23 (k_log=14, n_log=9, 512 instances, useful 121/128 chunks), 3x0.001 GB out, 1 threads ==
correctness check: OK
variant                     median ms     min ms   GB/s (med)
production-driver+stripe (G=8)       0.54       0.54          5.8
row-major (G=8)                  0.37       0.36          8.6
L1-full (G=64)                   0.54       0.54          5.8
L1-useful-nt (G=64)              0.47       0.45          6.6
L1-useful-stripe-nt (G=64)       0.64       0.63          4.9
compute-only (G=64)              0.42       0.40          7.4

== blake3: m=26 (k_log=14, n_log=12, 4096 instances, useful 121/128 chunks), 3x0.008 GB out, 1 threads ==
correctness check: OK
variant                     median ms     min ms   GB/s (med)
production-driver+stripe (G=8)       4.74       4.67          5.3
row-major (G=8)                  2.92       2.86          8.6
L1-full (G=64)                   4.83       4.71          5.2
L1-useful-nt (G=64)              3.90       3.86          6.5
L1-useful-stripe-nt (G=64)       5.31       5.29          4.7
compute-only (G=64)              3.21       3.20          7.8

== blake3: m=29 (k_log=14, n_log=15, 32768 instances, useful 121/128 chunks), 3x0.067 GB out, 1 threads ==
correctness check: OK
variant                     median ms     min ms   GB/s (med)
production-driver+stripe (G=8)      39.76      38.64          5.1
row-major (G=8)                 24.54      24.26          8.2
L1-full (G=64)                  56.47      55.78          3.6
L1-useful-nt (G=64)             28.97      28.49          7.0
L1-useful-stripe-nt (G=64)      40.59      40.20          5.0
compute-only (G=64)             24.10      23.68          8.4
