    Finished `release` profile [optimized + debuginfo] target(s) in 0.03s
     Running `target/release/e1_witness_gen --hash all --m 23,26,29 --iters 5 --groups auto --tsv ../results/e1_2026-07-02.tsv`

== keccak: m=23 (k_log=16, n_log=7, 128 instances, useful 333/512 chunks), 3x0.001 GB out, 8 threads ==
correctness check: OK
variant                     median ms     min ms   GB/s (med)
production-driver+stripe (G=8)       0.17       0.14         19.0
row-major (G=8)                  0.07       0.06         42.6
L1-full (G=8)                    0.21       0.18         14.8
L1-useful-nt (G=8)               0.12       0.09         25.6
L1-useful-stripe-nt (G=8)        0.18       0.16         17.4
compute-only (G=8)               0.11       0.08         29.1

== keccak: m=26 (k_log=16, n_log=10, 1024 instances, useful 333/512 chunks), 3x0.008 GB out, 8 threads ==
correctness check: OK
variant                     median ms     min ms   GB/s (med)
production-driver+stripe (G=8)       0.76       0.72         33.1
row-major (G=8)                  0.29       0.27         85.4
L1-full (G=64)                   0.81       0.77         31.1
L1-useful-nt (G=64)              0.59       0.42         42.3
L1-useful-stripe-nt (G=64)       0.85       0.64         29.6
compute-only (G=64)              0.35       0.30         72.9

== keccak: m=29 (k_log=16, n_log=13, 8192 instances, useful 333/512 chunks), 3x0.067 GB out, 8 threads ==
correctness check: OK
variant                     median ms     min ms   GB/s (med)
production-driver+stripe (G=8)       6.94       6.90         29.0
row-major (G=8)                  2.09       2.04         96.4
L1-full (G=64)                   7.22       7.06         27.9
L1-useful-nt (G=64)              3.31       3.29         60.8
L1-useful-stripe-nt (G=64)       4.88       4.77         41.2
compute-only (G=64)              1.94       1.93        103.8

== sha2: m=23 (k_log=15, n_log=8, 256 instances, useful 246/256 chunks), 3x0.001 GB out, 8 threads ==
correctness check: OK
variant                     median ms     min ms   GB/s (med)
production-driver+stripe (G=8)       0.15       0.14         21.4
row-major (G=8)                  0.12       0.10         25.5
L1-full (G=16)                   0.19       0.15         16.8
L1-useful-nt (G=16)              0.13       0.11         23.8
L1-useful-stripe-nt (G=16)       0.20       0.19         15.7
compute-only (G=16)              0.12       0.11         27.0

== sha2: m=26 (k_log=15, n_log=11, 2048 instances, useful 246/256 chunks), 3x0.008 GB out, 8 threads ==
correctness check: OK
variant                     median ms     min ms   GB/s (med)
production-driver+stripe (G=8)       0.81       0.75         31.2
row-major (G=8)                  0.46       0.39         55.1
L1-full (G=64)                   0.91       0.87         27.8
L1-useful-nt (G=64)              0.74       0.66         33.8
L1-useful-stripe-nt (G=64)       0.91       0.88         27.7
compute-only (G=64)              0.55       0.50         46.1

== sha2: m=29 (k_log=15, n_log=14, 16384 instances, useful 246/256 chunks), 3x0.067 GB out, 8 threads ==
correctness check: OK
variant                     median ms     min ms   GB/s (med)
production-driver+stripe (G=8)       7.86       7.68         25.6
row-major (G=8)                  3.10       3.05         65.0
L1-full (G=64)                   8.31       8.13         24.2
L1-useful-nt (G=64)              9.30       5.86         21.7
L1-useful-stripe-nt (G=64)       6.57       6.43         30.6
compute-only (G=64)              3.58       3.46         56.2

== blake3: m=23 (k_log=14, n_log=9, 512 instances, useful 121/128 chunks), 3x0.001 GB out, 8 threads ==
correctness check: OK
variant                     median ms     min ms   GB/s (med)
production-driver+stripe (G=8)       0.17       0.16         18.4
row-major (G=8)                  0.11       0.11         28.1
L1-full (G=32)                   0.19       0.13         16.5
L1-useful-nt (G=32)              0.18       0.17         17.7
L1-useful-stripe-nt (G=32)       0.19       0.18         16.3
compute-only (G=32)              0.16       0.13         20.0

== blake3: m=26 (k_log=14, n_log=12, 4096 instances, useful 121/128 chunks), 3x0.008 GB out, 8 threads ==
correctness check: OK
variant                     median ms     min ms   GB/s (med)
production-driver+stripe (G=8)       1.54       1.25         16.4
row-major (G=8)                  0.48       0.44         52.1
L1-full (G=64)                   0.98       0.94         25.6
L1-useful-nt (G=64)              0.72       0.67         34.7
L1-useful-stripe-nt (G=64)       0.97       0.90         26.0
compute-only (G=64)              0.62       0.61         40.5

== blake3: m=29 (k_log=14, n_log=15, 32768 instances, useful 121/128 chunks), 3x0.067 GB out, 8 threads ==
correctness check: OK
variant                     median ms     min ms   GB/s (med)
production-driver+stripe (G=8)       8.19       7.90         24.6
row-major (G=8)                  3.43       3.37         58.7
L1-full (G=64)                   8.32       8.21         24.2
L1-useful-nt (G=64)              4.78       4.69         42.1
L1-useful-stripe-nt (G=64)       6.40       5.79         31.4
compute-only (G=64)              4.06       3.84         49.6
