warning: unnecessary `unsafe` block
   --> src/keccak_vwide.rs:258:27
    |
258 |                 let out = unsafe { std::slice::from_raw_parts_mut(sb.add(w * 64), 64) };
    |                           ^^^^^^ unnecessary `unsafe` block
...
274 |     unsafe {
    |     ------ because it's nested under this `unsafe` block
...
277 |             push_z!(S0_W + i, &lanes[i]);
    |             ---------------------------- in this macro invocation
    |
    = note: `#[warn(unused_unsafe)]` (part of `#[warn(unused)]`) on by default
    = note: this warning originates in the macro `push_z` (in Nightly builds, run with -Z macro-backtrace for more info)

warning: unnecessary `unsafe` block
   --> src/keccak_vwide.rs:258:27
    |
258 |                 let out = unsafe { std::slice::from_raw_parts_mut(sb.add(w * 64), 64) };
    |                           ^^^^^^ unnecessary `unsafe` block
...
274 |     unsafe {
    |     ------ because it's nested under this `unsafe` block
...
287 |         push_z!(CONST_W, &one);
    |         ---------------------- in this macro invocation
    |
    = note: this warning originates in the macro `push_z` (in Nightly builds, run with -Z macro-backtrace for more info)

warning: unnecessary `unsafe` block
   --> src/keccak_vwide.rs:258:27
    |
258 |                 let out = unsafe { std::slice::from_raw_parts_mut(sb.add(w * 64), 64) };
    |                           ^^^^^^ unnecessary `unsafe` block
...
274 |     unsafe {
    |     ------ because it's nested under this `unsafe` block
...
319 |                     push_z!(w, &t[i]);
    |                     ----------------- in this macro invocation
    |
    = note: this warning originates in the macro `push_z` (in Nightly builds, run with -Z macro-backtrace for more info)

warning: unnecessary `unsafe` block
   --> src/keccak_vwide.rs:258:27
    |
258 |                 let out = unsafe { std::slice::from_raw_parts_mut(sb.add(w * 64), 64) };
    |                           ^^^^^^ unnecessary `unsafe` block
...
274 |     unsafe {
    |     ------ because it's nested under this `unsafe` block
...
338 |             push_z!(S24_W + i, &lanes[i]);
    |             ----------------------------- in this macro invocation
    |
    = note: this warning originates in the macro `push_z` (in Nightly builds, run with -Z macro-backtrace for more info)

warning: unnecessary `unsafe` block
   --> src/keccak_vwide.rs:261:13
    |
261 |             unsafe { wz.push(w, vals) };
    |             ^^^^^^ unnecessary `unsafe` block
...
274 |     unsafe {
    |     ------ because it's nested under this `unsafe` block
...
277 |             push_z!(S0_W + i, &lanes[i]);
    |             ---------------------------- in this macro invocation
    |
    = note: this warning originates in the macro `push_z` (in Nightly builds, run with -Z macro-backtrace for more info)

warning: unnecessary `unsafe` block
   --> src/keccak_vwide.rs:261:13
    |
261 |             unsafe { wz.push(w, vals) };
    |             ^^^^^^ unnecessary `unsafe` block
...
274 |     unsafe {
    |     ------ because it's nested under this `unsafe` block
...
287 |         push_z!(CONST_W, &one);
    |         ---------------------- in this macro invocation
    |
    = note: this warning originates in the macro `push_z` (in Nightly builds, run with -Z macro-backtrace for more info)

warning: unnecessary `unsafe` block
   --> src/keccak_vwide.rs:261:13
    |
261 |             unsafe { wz.push(w, vals) };
    |             ^^^^^^ unnecessary `unsafe` block
...
274 |     unsafe {
    |     ------ because it's nested under this `unsafe` block
...
319 |                     push_z!(w, &t[i]);
    |                     ----------------- in this macro invocation
    |
    = note: this warning originates in the macro `push_z` (in Nightly builds, run with -Z macro-backtrace for more info)

warning: unnecessary `unsafe` block
   --> src/keccak_vwide.rs:261:13
    |
261 |             unsafe { wz.push(w, vals) };
    |             ^^^^^^ unnecessary `unsafe` block
...
274 |     unsafe {
    |     ------ because it's nested under this `unsafe` block
...
338 |             push_z!(S24_W + i, &lanes[i]);
    |             ----------------------------- in this macro invocation
    |
    = note: this warning originates in the macro `push_z` (in Nightly builds, run with -Z macro-backtrace for more info)

warning: `flock-autoresearch-probes` (lib) generated 8 warnings
    Finished `release` profile [optimized + debuginfo] target(s) in 0.02s
     Running `target/release/e1_witness_gen --hash all --m 23,26,29 --iters 5 --groups auto --tsv ../results/e1_direct_2026-07-02.tsv`

== keccak: m=23 (k_log=16, n_log=7, 128 instances, useful 333/512 chunks), 3x0.001 GB out, 1 threads ==
correctness check: OK
variant                     median ms     min ms   GB/s (med)
production-driver+stripe (G=8)       0.38       0.35          8.3
row-major (G=8)                  0.36       0.35          8.9
L1-full (G=64)                   0.44       0.42          7.1
L1-useful-nt (G=64)              0.58       0.34          5.4
L1-useful-stripe-nt (G=64)       0.82       0.81          3.9
compute-only (G=64)              0.33       0.33          9.4
L1-direct-stripe (G=8)           0.46       0.46          6.9

== keccak: m=26 (k_log=16, n_log=10, 1024 instances, useful 333/512 chunks), 3x0.008 GB out, 1 threads ==
correctness check: OK
variant                     median ms     min ms   GB/s (med)
production-driver+stripe (G=8)       3.81       3.66          6.6
row-major (G=8)                  1.52       1.48         16.5
L1-full (G=64)                   3.87       3.72          6.5
L1-useful-nt (G=64)              2.45       2.40         10.3
L1-useful-stripe-nt (G=64)       3.94       3.66          6.4
compute-only (G=64)              1.47       1.43         17.2
L1-direct-stripe (G=8)           2.62       2.49          9.6

== keccak: m=29 (k_log=16, n_log=13, 8192 instances, useful 333/512 chunks), 3x0.067 GB out, 1 threads ==
correctness check: OK
variant                     median ms     min ms   GB/s (med)
production-driver+stripe (G=8)      25.69      25.21          7.8
row-major (G=8)                 11.24      10.98         17.9
L1-full (G=64)                  45.44      45.22          4.4
L1-useful-nt (G=64)             19.45      18.61         10.3
L1-useful-stripe-nt (G=64)      30.55      29.68          6.6
compute-only (G=64)             11.22      11.14         17.9
L1-direct-stripe (G=8)          20.90      20.30          9.6

== sha2: m=23 (k_log=15, n_log=8, 256 instances, useful 246/256 chunks), 3x0.001 GB out, 1 threads ==
correctness check: OK
variant                     median ms     min ms   GB/s (med)
production-driver+stripe (G=8)       0.54       0.51          5.8
row-major (G=8)                  0.33       0.32          9.6
L1-full (G=64)                   0.71       0.57          4.4
L1-useful-nt (G=64)              0.61       0.57          5.2
L1-useful-stripe-nt (G=64)       0.78       0.69          4.1
compute-only (G=64)              0.42       0.41          7.6
L1-direct-stripe (G=8)           0.51       0.50          6.2

== sha2: m=26 (k_log=15, n_log=11, 2048 instances, useful 246/256 chunks), 3x0.008 GB out, 1 threads ==
correctness check: OK
variant                     median ms     min ms   GB/s (med)
production-driver+stripe (G=8)       4.34       4.28          5.8
row-major (G=8)                  2.61       2.54          9.7
L1-full (G=64)                   4.88       4.75          5.2
L1-useful-nt (G=64)              3.98       3.92          6.3
L1-useful-stripe-nt (G=64)       5.25       5.13          4.8
compute-only (G=64)              2.83       2.81          8.9
L1-direct-stripe (G=8)           4.08       4.03          6.2

== sha2: m=29 (k_log=15, n_log=14, 16384 instances, useful 246/256 chunks), 3x0.067 GB out, 1 threads ==
correctness check: OK
variant                     median ms     min ms   GB/s (med)
production-driver+stripe (G=8)      36.04      34.91          5.6
row-major (G=8)                 21.62      21.58          9.3
L1-full (G=64)                  55.54      55.13          3.6
L1-useful-nt (G=64)             31.79      31.40          6.3
L1-useful-stripe-nt (G=64)      41.94      41.07          4.8
compute-only (G=64)             22.34      21.91          9.0
L1-direct-stripe (G=8)          34.56      34.23          5.8

== blake3: m=23 (k_log=14, n_log=9, 512 instances, useful 121/128 chunks), 3x0.001 GB out, 1 threads ==
correctness check: OK
variant                     median ms     min ms   GB/s (med)
production-driver+stripe (G=8)       0.54       0.54          5.8
row-major (G=8)                  0.41       0.36          7.7
L1-full (G=64)                   0.64       0.60          4.9
L1-useful-nt (G=64)              0.52       0.49          6.1
L1-useful-stripe-nt (G=64)       0.74       0.64          4.2
compute-only (G=64)              0.41       0.40          7.7
L1-direct-stripe (G=8)           0.56       0.52          5.6

== blake3: m=26 (k_log=14, n_log=12, 4096 instances, useful 121/128 chunks), 3x0.008 GB out, 1 threads ==
correctness check: OK
variant                     median ms     min ms   GB/s (med)
production-driver+stripe (G=8)       4.75       4.65          5.3
row-major (G=8)                  3.06       2.93          8.2
L1-full (G=64)                   6.89       6.72          3.7
L1-useful-nt (G=64)              3.56       3.36          7.1
L1-useful-stripe-nt (G=64)       5.08       4.96          5.0
compute-only (G=64)              3.10       2.98          8.1
L1-direct-stripe (G=8)           4.37       4.25          5.8

== blake3: m=29 (k_log=14, n_log=15, 32768 instances, useful 121/128 chunks), 3x0.067 GB out, 1 threads ==
correctness check: OK
variant                     median ms     min ms   GB/s (med)
production-driver+stripe (G=8)      39.44      37.88          5.1
row-major (G=8)                 24.39      23.42          8.3
L1-full (G=64)                  56.54      56.15          3.6
L1-useful-nt (G=64)             28.95      28.77          7.0
L1-useful-stripe-nt (G=64)      39.96      39.39          5.0
compute-only (G=64)             23.77      23.64          8.5
L1-direct-stripe (G=8)          37.25      37.09          5.4
