warning: unnecessary `unsafe` block
   --> src/keccak_vwide.rs:258:27
    |
258 |                 let out = unsafe { std::slice::from_raw_parts_mut(sb.add(w * 64), 64) };
    |                           ^^^^^^ unnecessary `unsafe` block
...
274 |     unsafe {
    |     ------ because it's nested under this `unsafe` block
...
277 |             push_z!(S0_W + i, &lanes[i]);
    |             ---------------------------- in this macro invocation
    |
    = note: `#[warn(unused_unsafe)]` (part of `#[warn(unused)]`) on by default
    = note: this warning originates in the macro `push_z` (in Nightly builds, run with -Z macro-backtrace for more info)

warning: unnecessary `unsafe` block
   --> src/keccak_vwide.rs:258:27
    |
258 |                 let out = unsafe { std::slice::from_raw_parts_mut(sb.add(w * 64), 64) };
    |                           ^^^^^^ unnecessary `unsafe` block
...
274 |     unsafe {
    |     ------ because it's nested under this `unsafe` block
...
287 |         push_z!(CONST_W, &one);
    |         ---------------------- in this macro invocation
    |
    = note: this warning originates in the macro `push_z` (in Nightly builds, run with -Z macro-backtrace for more info)

warning: unnecessary `unsafe` block
   --> src/keccak_vwide.rs:258:27
    |
258 |                 let out = unsafe { std::slice::from_raw_parts_mut(sb.add(w * 64), 64) };
    |                           ^^^^^^ unnecessary `unsafe` block
...
274 |     unsafe {
    |     ------ because it's nested under this `unsafe` block
...
319 |                     push_z!(w, &t[i]);
    |                     ----------------- in this macro invocation
    |
    = note: this warning originates in the macro `push_z` (in Nightly builds, run with -Z macro-backtrace for more info)

warning: unnecessary `unsafe` block
   --> src/keccak_vwide.rs:258:27
    |
258 |                 let out = unsafe { std::slice::from_raw_parts_mut(sb.add(w * 64), 64) };
    |                           ^^^^^^ unnecessary `unsafe` block
...
274 |     unsafe {
    |     ------ because it's nested under this `unsafe` block
...
338 |             push_z!(S24_W + i, &lanes[i]);
    |             ----------------------------- in this macro invocation
    |
    = note: this warning originates in the macro `push_z` (in Nightly builds, run with -Z macro-backtrace for more info)

warning: unnecessary `unsafe` block
   --> src/keccak_vwide.rs:261:13
    |
261 |             unsafe { wz.push(w, vals) };
    |             ^^^^^^ unnecessary `unsafe` block
...
274 |     unsafe {
    |     ------ because it's nested under this `unsafe` block
...
277 |             push_z!(S0_W + i, &lanes[i]);
    |             ---------------------------- in this macro invocation
    |
    = note: this warning originates in the macro `push_z` (in Nightly builds, run with -Z macro-backtrace for more info)

warning: unnecessary `unsafe` block
   --> src/keccak_vwide.rs:261:13
    |
261 |             unsafe { wz.push(w, vals) };
    |             ^^^^^^ unnecessary `unsafe` block
...
274 |     unsafe {
    |     ------ because it's nested under this `unsafe` block
...
287 |         push_z!(CONST_W, &one);
    |         ---------------------- in this macro invocation
    |
    = note: this warning originates in the macro `push_z` (in Nightly builds, run with -Z macro-backtrace for more info)

warning: unnecessary `unsafe` block
   --> src/keccak_vwide.rs:261:13
    |
261 |             unsafe { wz.push(w, vals) };
    |             ^^^^^^ unnecessary `unsafe` block
...
274 |     unsafe {
    |     ------ because it's nested under this `unsafe` block
...
319 |                     push_z!(w, &t[i]);
    |                     ----------------- in this macro invocation
    |
    = note: this warning originates in the macro `push_z` (in Nightly builds, run with -Z macro-backtrace for more info)

warning: unnecessary `unsafe` block
   --> src/keccak_vwide.rs:261:13
    |
261 |             unsafe { wz.push(w, vals) };
    |             ^^^^^^ unnecessary `unsafe` block
...
274 |     unsafe {
    |     ------ because it's nested under this `unsafe` block
...
338 |             push_z!(S24_W + i, &lanes[i]);
    |             ----------------------------- in this macro invocation
    |
    = note: this warning originates in the macro `push_z` (in Nightly builds, run with -Z macro-backtrace for more info)

warning: `flock-autoresearch-probes` (lib) generated 8 warnings
    Finished `release` profile [optimized + debuginfo] target(s) in 0.02s
     Running `target/release/e1_witness_gen --hash all --m 26,29 --iters 5 --groups auto --tsv ../results/e1_fair_2026-07-02.tsv`

== keccak: m=26 (k_log=16, n_log=10, 1024 instances, useful 333/512 chunks), 3x0.008 GB out, 1 threads ==
correctness check: OK
variant                     median ms     min ms   GB/s (med)
production-driver+stripe (G=8)       4.47       3.61          5.6
row-major (G=8)                  1.74       1.66         14.4
row-major-stripe-recycled (G=8)       3.20       3.12          7.9
L1-full (G=64)                   3.94       3.91          6.4
L1-useful-nt (G=64)              2.60       2.55          9.7
L1-useful-stripe-nt (G=64)       4.03       3.98          6.2
compute-only (G=64)              1.59       1.54         15.8
L1-direct-stripe (G=8)           2.60       2.59          9.7

== keccak: m=29 (k_log=16, n_log=13, 8192 instances, useful 333/512 chunks), 3x0.067 GB out, 1 threads ==
correctness check: OK
variant                     median ms     min ms   GB/s (med)
production-driver+stripe (G=8)      27.03      26.84          7.4
row-major (G=8)                 12.61      12.13         16.0
row-major-stripe-recycled (G=8)      24.33      24.18          8.3
L1-full (G=64)                  49.40      49.28          4.1
L1-useful-nt (G=64)             20.25      20.09          9.9
L1-useful-stripe-nt (G=64)      31.92      31.76          6.3
compute-only (G=64)             11.53      11.39         17.5
L1-direct-stripe (G=8)          21.42      21.28          9.4

== sha2: m=26 (k_log=15, n_log=11, 2048 instances, useful 246/256 chunks), 3x0.008 GB out, 1 threads ==
correctness check: OK
variant                     median ms     min ms   GB/s (med)
production-driver+stripe (G=8)       4.64       4.54          5.4
row-major (G=8)                  2.77       2.76          9.1
row-major-stripe-recycled (G=8)       4.36       4.29          5.8
L1-full (G=64)                   5.37       5.24          4.7
L1-useful-nt (G=64)              4.20       4.18          6.0
L1-useful-stripe-nt (G=64)       5.60       5.51          4.5
compute-only (G=64)              2.93       2.86          8.6
L1-direct-stripe (G=8)           4.11       4.10          6.1

== sha2: m=29 (k_log=15, n_log=14, 16384 instances, useful 246/256 chunks), 3x0.067 GB out, 1 threads ==
correctness check: OK
variant                     median ms     min ms   GB/s (med)
production-driver+stripe (G=8)      37.72      37.41          5.3
row-major (G=8)                 22.21      21.92          9.1
row-major-stripe-recycled (G=8)      34.29      34.06          5.9
L1-full (G=64)                  58.32      57.47          3.5
L1-useful-nt (G=64)             32.60      32.43          6.2
L1-useful-stripe-nt (G=64)      44.13      43.80          4.6
compute-only (G=64)             22.60      22.40          8.9
L1-direct-stripe (G=8)          35.62      35.36          5.7

== blake3: m=26 (k_log=14, n_log=12, 4096 instances, useful 121/128 chunks), 3x0.008 GB out, 1 threads ==
correctness check: OK
variant                     median ms     min ms   GB/s (med)
production-driver+stripe (G=8)       5.09       4.94          4.9
row-major (G=8)                  3.20       3.15          7.9
row-major-stripe-recycled (G=8)       4.73       4.66          5.3
L1-full (G=64)                   5.72       5.38          4.4
L1-useful-nt (G=64)              3.76       3.70          6.7
L1-useful-stripe-nt (G=64)       5.28       5.21          4.8
compute-only (G=64)              3.16       3.09          8.0
L1-direct-stripe (G=8)           4.52       4.46          5.6

== blake3: m=29 (k_log=14, n_log=15, 32768 instances, useful 121/128 chunks), 3x0.067 GB out, 1 threads ==
correctness check: OK
variant                     median ms     min ms   GB/s (med)
production-driver+stripe (G=8)      42.17      41.24          4.8
row-major (G=8)                 25.29      25.27          8.0
row-major-stripe-recycled (G=8)      37.56      37.41          5.4
L1-full (G=64)                  59.91      59.56          3.4
L1-useful-nt (G=64)             30.02      29.30          6.7
L1-useful-stripe-nt (G=64)      41.52      41.19          4.8
compute-only (G=64)             24.20      24.04          8.3
L1-direct-stripe (G=8)          38.01      37.69          5.3
