warning: unnecessary `unsafe` block
   --> src/keccak_vwide.rs:258:27
    |
258 |                 let out = unsafe { std::slice::from_raw_parts_mut(sb.add(w * 64), 64) };
    |                           ^^^^^^ unnecessary `unsafe` block
...
274 |     unsafe {
    |     ------ because it's nested under this `unsafe` block
...
277 |             push_z!(S0_W + i, &lanes[i]);
    |             ---------------------------- in this macro invocation
    |
    = note: `#[warn(unused_unsafe)]` (part of `#[warn(unused)]`) on by default
    = note: this warning originates in the macro `push_z` (in Nightly builds, run with -Z macro-backtrace for more info)

warning: unnecessary `unsafe` block
   --> src/keccak_vwide.rs:258:27
    |
258 |                 let out = unsafe { std::slice::from_raw_parts_mut(sb.add(w * 64), 64) };
    |                           ^^^^^^ unnecessary `unsafe` block
...
274 |     unsafe {
    |     ------ because it's nested under this `unsafe` block
...
287 |         push_z!(CONST_W, &one);
    |         ---------------------- in this macro invocation
    |
    = note: this warning originates in the macro `push_z` (in Nightly builds, run with -Z macro-backtrace for more info)

warning: unnecessary `unsafe` block
   --> src/keccak_vwide.rs:258:27
    |
258 |                 let out = unsafe { std::slice::from_raw_parts_mut(sb.add(w * 64), 64) };
    |                           ^^^^^^ unnecessary `unsafe` block
...
274 |     unsafe {
    |     ------ because it's nested under this `unsafe` block
...
319 |                     push_z!(w, &t[i]);
    |                     ----------------- in this macro invocation
    |
    = note: this warning originates in the macro `push_z` (in Nightly builds, run with -Z macro-backtrace for more info)

warning: unnecessary `unsafe` block
   --> src/keccak_vwide.rs:258:27
    |
258 |                 let out = unsafe { std::slice::from_raw_parts_mut(sb.add(w * 64), 64) };
    |                           ^^^^^^ unnecessary `unsafe` block
...
274 |     unsafe {
    |     ------ because it's nested under this `unsafe` block
...
338 |             push_z!(S24_W + i, &lanes[i]);
    |             ----------------------------- in this macro invocation
    |
    = note: this warning originates in the macro `push_z` (in Nightly builds, run with -Z macro-backtrace for more info)

warning: unnecessary `unsafe` block
   --> src/keccak_vwide.rs:261:13
    |
261 |             unsafe { wz.push(w, vals) };
    |             ^^^^^^ unnecessary `unsafe` block
...
274 |     unsafe {
    |     ------ because it's nested under this `unsafe` block
...
277 |             push_z!(S0_W + i, &lanes[i]);
    |             ---------------------------- in this macro invocation
    |
    = note: this warning originates in the macro `push_z` (in Nightly builds, run with -Z macro-backtrace for more info)

warning: unnecessary `unsafe` block
   --> src/keccak_vwide.rs:261:13
    |
261 |             unsafe { wz.push(w, vals) };
    |             ^^^^^^ unnecessary `unsafe` block
...
274 |     unsafe {
    |     ------ because it's nested under this `unsafe` block
...
287 |         push_z!(CONST_W, &one);
    |         ---------------------- in this macro invocation
    |
    = note: this warning originates in the macro `push_z` (in Nightly builds, run with -Z macro-backtrace for more info)

warning: unnecessary `unsafe` block
   --> src/keccak_vwide.rs:261:13
    |
261 |             unsafe { wz.push(w, vals) };
    |             ^^^^^^ unnecessary `unsafe` block
...
274 |     unsafe {
    |     ------ because it's nested under this `unsafe` block
...
319 |                     push_z!(w, &t[i]);
    |                     ----------------- in this macro invocation
    |
    = note: this warning originates in the macro `push_z` (in Nightly builds, run with -Z macro-backtrace for more info)

warning: unnecessary `unsafe` block
   --> src/keccak_vwide.rs:261:13
    |
261 |             unsafe { wz.push(w, vals) };
    |             ^^^^^^ unnecessary `unsafe` block
...
274 |     unsafe {
    |     ------ because it's nested under this `unsafe` block
...
338 |             push_z!(S24_W + i, &lanes[i]);
    |             ----------------------------- in this macro invocation
    |
    = note: this warning originates in the macro `push_z` (in Nightly builds, run with -Z macro-backtrace for more info)

warning: `flock-autoresearch-probes` (lib) generated 8 warnings
    Finished `release` profile [optimized + debuginfo] target(s) in 0.02s
     Running `target/release/e3_lincheck_fold --hash all --m 23,26,29 --iters 3 --tsv ../results/e3_2026-07-02.tsv`

== keccak: m=23 (n_log=7), 1 threads ==
correctness gate: OK
variant                     median ms     min ms
fold-stripe-fast                 1.13       1.06
fold-stripe-neon-oblock          0.22       0.22
fold-fused-l1                    0.54       0.53
witgen-with-stripe               0.60       0.56
witgen-no-stripe                 0.46       0.46

== keccak: m=26 (n_log=10), 1 threads ==
correctness gate: OK
variant                     median ms     min ms
fold-stripe-fast                 4.64       4.44
fold-stripe-neon-oblock          1.83       1.83
fold-fused-l1                    3.70       3.65
witgen-with-stripe               2.62       2.60
witgen-no-stripe                 2.16       2.15

== keccak: m=29 (n_log=13), 1 threads ==
correctness gate: OK
variant                     median ms     min ms
fold-stripe-fast                25.05      24.97
fold-stripe-neon-oblock         12.96      12.95
fold-fused-l1                   27.81      27.31
witgen-with-stripe              21.45      21.40
witgen-no-stripe                18.87      18.64

== sha2: m=23 (n_log=8), 1 threads ==
correctness gate: OK
variant                     median ms     min ms
fold-stripe-fast                 0.89       0.88
fold-stripe-neon-oblock          0.30       0.30
fold-fused-l1                    0.67       0.67
witgen-with-stripe               0.50       0.49
witgen-no-stripe                 0.40       0.37

== sha2: m=26 (n_log=11), 1 threads ==
correctness gate: OK
variant                     median ms     min ms
fold-stripe-fast                 5.22       5.15
fold-stripe-neon-oblock          2.42       2.41
fold-fused-l1                    4.53       4.44
witgen-with-stripe               4.16       4.15
witgen-no-stripe                 3.17       3.11

== sha2: m=29 (n_log=14), 1 threads ==
correctness gate: OK
variant                     median ms     min ms
fold-stripe-fast                39.91      39.86
fold-stripe-neon-oblock         19.31      19.25
fold-fused-l1                   41.27      41.21
witgen-with-stripe              35.01      34.92
witgen-no-stripe                26.94      26.93

== blake3: m=23 (n_log=9), 1 threads ==
correctness gate: OK
variant                     median ms     min ms
fold-stripe-fast                 0.91       0.77
fold-stripe-neon-oblock          0.28       0.28
fold-fused-l1                    0.66       0.66
witgen-with-stripe               0.52       0.52
witgen-no-stripe                 0.43       0.40

== blake3: m=26 (n_log=12), 1 threads ==
correctness gate: OK
variant                     median ms     min ms
fold-stripe-fast                 6.04       5.98
fold-stripe-neon-oblock          2.39       2.34
fold-fused-l1                    4.26       4.23
witgen-with-stripe               4.45       4.40
witgen-no-stripe                 3.48       3.42

== blake3: m=29 (n_log=15), 1 threads ==
correctness gate: OK
variant                     median ms     min ms
fold-stripe-fast                44.12      40.11
fold-stripe-neon-oblock         19.09      19.03
fold-fused-l1                   39.82      39.76
witgen-with-stripe              37.39      37.38
witgen-no-stripe                29.25      29.14
