warning: unnecessary `unsafe` block
   --> src/keccak_vwide.rs:258:27
    |
258 |                 let out = unsafe { std::slice::from_raw_parts_mut(sb.add(w * 64), 64) };
    |                           ^^^^^^ unnecessary `unsafe` block
...
274 |     unsafe {
    |     ------ because it's nested under this `unsafe` block
...
277 |             push_z!(S0_W + i, &lanes[i]);
    |             ---------------------------- in this macro invocation
    |
    = note: `#[warn(unused_unsafe)]` (part of `#[warn(unused)]`) on by default
    = note: this warning originates in the macro `push_z` (in Nightly builds, run with -Z macro-backtrace for more info)

warning: unnecessary `unsafe` block
   --> src/keccak_vwide.rs:258:27
    |
258 |                 let out = unsafe { std::slice::from_raw_parts_mut(sb.add(w * 64), 64) };
    |                           ^^^^^^ unnecessary `unsafe` block
...
274 |     unsafe {
    |     ------ because it's nested under this `unsafe` block
...
287 |         push_z!(CONST_W, &one);
    |         ---------------------- in this macro invocation
    |
    = note: this warning originates in the macro `push_z` (in Nightly builds, run with -Z macro-backtrace for more info)

warning: unnecessary `unsafe` block
   --> src/keccak_vwide.rs:258:27
    |
258 |                 let out = unsafe { std::slice::from_raw_parts_mut(sb.add(w * 64), 64) };
    |                           ^^^^^^ unnecessary `unsafe` block
...
274 |     unsafe {
    |     ------ because it's nested under this `unsafe` block
...
319 |                     push_z!(w, &t[i]);
    |                     ----------------- in this macro invocation
    |
    = note: this warning originates in the macro `push_z` (in Nightly builds, run with -Z macro-backtrace for more info)

warning: unnecessary `unsafe` block
   --> src/keccak_vwide.rs:258:27
    |
258 |                 let out = unsafe { std::slice::from_raw_parts_mut(sb.add(w * 64), 64) };
    |                           ^^^^^^ unnecessary `unsafe` block
...
274 |     unsafe {
    |     ------ because it's nested under this `unsafe` block
...
338 |             push_z!(S24_W + i, &lanes[i]);
    |             ----------------------------- in this macro invocation
    |
    = note: this warning originates in the macro `push_z` (in Nightly builds, run with -Z macro-backtrace for more info)

warning: unnecessary `unsafe` block
   --> src/keccak_vwide.rs:261:13
    |
261 |             unsafe { wz.push(w, vals) };
    |             ^^^^^^ unnecessary `unsafe` block
...
274 |     unsafe {
    |     ------ because it's nested under this `unsafe` block
...
277 |             push_z!(S0_W + i, &lanes[i]);
    |             ---------------------------- in this macro invocation
    |
    = note: this warning originates in the macro `push_z` (in Nightly builds, run with -Z macro-backtrace for more info)

warning: unnecessary `unsafe` block
   --> src/keccak_vwide.rs:261:13
    |
261 |             unsafe { wz.push(w, vals) };
    |             ^^^^^^ unnecessary `unsafe` block
...
274 |     unsafe {
    |     ------ because it's nested under this `unsafe` block
...
287 |         push_z!(CONST_W, &one);
    |         ---------------------- in this macro invocation
    |
    = note: this warning originates in the macro `push_z` (in Nightly builds, run with -Z macro-backtrace for more info)

warning: unnecessary `unsafe` block
   --> src/keccak_vwide.rs:261:13
    |
261 |             unsafe { wz.push(w, vals) };
    |             ^^^^^^ unnecessary `unsafe` block
...
274 |     unsafe {
    |     ------ because it's nested under this `unsafe` block
...
319 |                     push_z!(w, &t[i]);
    |                     ----------------- in this macro invocation
    |
    = note: this warning originates in the macro `push_z` (in Nightly builds, run with -Z macro-backtrace for more info)

warning: unnecessary `unsafe` block
   --> src/keccak_vwide.rs:261:13
    |
261 |             unsafe { wz.push(w, vals) };
    |             ^^^^^^ unnecessary `unsafe` block
...
274 |     unsafe {
    |     ------ because it's nested under this `unsafe` block
...
338 |             push_z!(S24_W + i, &lanes[i]);
    |             ----------------------------- in this macro invocation
    |
    = note: this warning originates in the macro `push_z` (in Nightly builds, run with -Z macro-backtrace for more info)

warning: `flock-autoresearch-probes` (lib) generated 8 warnings
   Compiling flock-autoresearch-probes v0.1.0 (/Users/tamirhemo/succinct/flock/autoresearch/probes)
    Finished `release` profile [optimized + debuginfo] target(s) in 2.69s
     Running `target/release/e3_lincheck_fold --hash all --m 23,26,29 --iters 5 --tsv ../results/e3_2026-07-02.tsv`

== keccak: m=23 (n_log=7), 8 threads ==
correctness gate: OK
variant                     median ms     min ms
fold-stripe-fast                 1.16       0.85
fold-stripe-neon-oblock          0.63       0.56
fold-fused-l1                    0.52       0.44
witgen-with-stripe               0.09       0.09
witgen-no-stripe                 0.11       0.08

== keccak: m=26 (n_log=10), 8 threads ==
correctness gate: OK
variant                     median ms     min ms
fold-stripe-fast                 3.77       3.54
fold-stripe-neon-oblock          1.39       1.23
fold-fused-l1                    1.32       1.13
witgen-with-stripe               0.41       0.39
witgen-no-stripe                 0.34       0.33

== keccak: m=29 (n_log=13), 8 threads ==
correctness gate: OK
variant                     median ms     min ms
fold-stripe-fast                 8.86       8.10
fold-stripe-neon-oblock          2.85       2.56
fold-fused-l1                    7.83       7.06
witgen-with-stripe               2.86       2.82
witgen-no-stripe                 2.57       2.49

== sha2: m=23 (n_log=8), 8 threads ==
correctness gate: OK
variant                     median ms     min ms
fold-stripe-fast                 0.81       0.60
fold-stripe-neon-oblock          0.44       0.35
fold-fused-l1                    0.43       0.28
witgen-with-stripe               0.09       0.09
witgen-no-stripe                 0.08       0.08

== sha2: m=26 (n_log=11), 8 threads ==
correctness gate: OK
variant                     median ms     min ms
fold-stripe-fast                 3.39       3.23
fold-stripe-neon-oblock          1.02       0.85
fold-fused-l1                    1.57       1.33
witgen-with-stripe               0.65       0.61
witgen-no-stripe                 0.52       0.50

== sha2: m=29 (n_log=14), 8 threads ==
correctness gate: OK
variant                     median ms     min ms
fold-stripe-fast                 8.79       8.47
fold-stripe-neon-oblock          3.32       3.01
fold-fused-l1                    9.70       9.36
witgen-with-stripe               4.89       4.78
witgen-no-stripe                 3.71       3.62

== blake3: m=23 (n_log=9), 8 threads ==
correctness gate: OK
variant                     median ms     min ms
fold-stripe-fast                 1.10       0.83
fold-stripe-neon-oblock          0.56       0.40
fold-fused-l1                    0.89       0.40
witgen-with-stripe               0.12       0.10
witgen-no-stripe                 0.09       0.08

== blake3: m=26 (n_log=12), 8 threads ==
correctness gate: OK
variant                     median ms     min ms
fold-stripe-fast                 2.18       1.96
fold-stripe-neon-oblock          1.08       0.65
fold-fused-l1                    1.35       1.15
witgen-with-stripe               0.62       0.62
witgen-no-stripe                 0.52       0.50

== blake3: m=29 (n_log=15), 8 threads ==
correctness gate: OK
variant                     median ms     min ms
fold-stripe-fast                 7.64       6.81
fold-stripe-neon-oblock          5.26       2.97
fold-fused-l1                    8.93       8.15
witgen-with-stripe               5.02       4.96
witgen-no-stripe                 3.96       3.91
