warning: unnecessary `unsafe` block
   --> src/keccak_vwide.rs:258:27
    |
258 |                 let out = unsafe { std::slice::from_raw_parts_mut(sb.add(w * 64), 64) };
    |                           ^^^^^^ unnecessary `unsafe` block
...
274 |     unsafe {
    |     ------ because it's nested under this `unsafe` block
...
277 |             push_z!(S0_W + i, &lanes[i]);
    |             ---------------------------- in this macro invocation
    |
    = note: `#[warn(unused_unsafe)]` (part of `#[warn(unused)]`) on by default
    = note: this warning originates in the macro `push_z` (in Nightly builds, run with -Z macro-backtrace for more info)

warning: unnecessary `unsafe` block
   --> src/keccak_vwide.rs:258:27
    |
258 |                 let out = unsafe { std::slice::from_raw_parts_mut(sb.add(w * 64), 64) };
    |                           ^^^^^^ unnecessary `unsafe` block
...
274 |     unsafe {
    |     ------ because it's nested under this `unsafe` block
...
287 |         push_z!(CONST_W, &one);
    |         ---------------------- in this macro invocation
    |
    = note: this warning originates in the macro `push_z` (in Nightly builds, run with -Z macro-backtrace for more info)

warning: unnecessary `unsafe` block
   --> src/keccak_vwide.rs:258:27
    |
258 |                 let out = unsafe { std::slice::from_raw_parts_mut(sb.add(w * 64), 64) };
    |                           ^^^^^^ unnecessary `unsafe` block
...
274 |     unsafe {
    |     ------ because it's nested under this `unsafe` block
...
319 |                     push_z!(w, &t[i]);
    |                     ----------------- in this macro invocation
    |
    = note: this warning originates in the macro `push_z` (in Nightly builds, run with -Z macro-backtrace for more info)

warning: unnecessary `unsafe` block
   --> src/keccak_vwide.rs:258:27
    |
258 |                 let out = unsafe { std::slice::from_raw_parts_mut(sb.add(w * 64), 64) };
    |                           ^^^^^^ unnecessary `unsafe` block
...
274 |     unsafe {
    |     ------ because it's nested under this `unsafe` block
...
338 |             push_z!(S24_W + i, &lanes[i]);
    |             ----------------------------- in this macro invocation
    |
    = note: this warning originates in the macro `push_z` (in Nightly builds, run with -Z macro-backtrace for more info)

warning: unnecessary `unsafe` block
   --> src/keccak_vwide.rs:261:13
    |
261 |             unsafe { wz.push(w, vals) };
    |             ^^^^^^ unnecessary `unsafe` block
...
274 |     unsafe {
    |     ------ because it's nested under this `unsafe` block
...
277 |             push_z!(S0_W + i, &lanes[i]);
    |             ---------------------------- in this macro invocation
    |
    = note: this warning originates in the macro `push_z` (in Nightly builds, run with -Z macro-backtrace for more info)

warning: unnecessary `unsafe` block
   --> src/keccak_vwide.rs:261:13
    |
261 |             unsafe { wz.push(w, vals) };
    |             ^^^^^^ unnecessary `unsafe` block
...
274 |     unsafe {
    |     ------ because it's nested under this `unsafe` block
...
287 |         push_z!(CONST_W, &one);
    |         ---------------------- in this macro invocation
    |
    = note: this warning originates in the macro `push_z` (in Nightly builds, run with -Z macro-backtrace for more info)

warning: unnecessary `unsafe` block
   --> src/keccak_vwide.rs:261:13
    |
261 |             unsafe { wz.push(w, vals) };
    |             ^^^^^^ unnecessary `unsafe` block
...
274 |     unsafe {
    |     ------ because it's nested under this `unsafe` block
...
319 |                     push_z!(w, &t[i]);
    |                     ----------------- in this macro invocation
    |
    = note: this warning originates in the macro `push_z` (in Nightly builds, run with -Z macro-backtrace for more info)

warning: unnecessary `unsafe` block
   --> src/keccak_vwide.rs:261:13
    |
261 |             unsafe { wz.push(w, vals) };
    |             ^^^^^^ unnecessary `unsafe` block
...
274 |     unsafe {
    |     ------ because it's nested under this `unsafe` block
...
338 |             push_z!(S24_W + i, &lanes[i]);
    |             ----------------------------- in this macro invocation
    |
    = note: this warning originates in the macro `push_z` (in Nightly builds, run with -Z macro-backtrace for more info)

warning: `flock-autoresearch-probes` (lib) generated 8 warnings
   Compiling flock-autoresearch-probes v0.1.0 (/Users/tamirhemo/succinct/flock/autoresearch/probes)
    Finished `release` profile [optimized + debuginfo] target(s) in 5.07s
     Running `target/release/e6_end_to_end --m 23,26,29 --iters 5 --tsv ../results/e6_2026-07-02.tsv`

== keccak e2e: m=23 (128 instances), 8 threads ==
L1' prove->verify roundtrip: OK
production prove->verify roundtrip: OK
variant               median ms     min ms
prove-production           6.27       5.58
prove-l1                   5.92       5.72
verify-production          3.64       3.46
verify-l1                  3.91       3.82

== keccak e2e: m=26 (1024 instances), 8 threads ==
L1' prove->verify roundtrip: OK
production prove->verify roundtrip: OK
variant               median ms     min ms
prove-production          15.62      13.51
prove-l1                  17.73      16.24
verify-production          4.35       4.29
verify-l1                  4.49       4.40

== keccak e2e: m=29 (8192 instances), 8 threads ==
L1' prove->verify roundtrip: OK
production prove->verify roundtrip: OK
variant               median ms     min ms
prove-production          78.08      74.36
prove-l1                  98.41      96.08
verify-production          4.89       4.78
verify-l1                  5.20       4.98
