warning: variable does not need to be mutable
   --> src/e6.rs:113:9
    |
113 |     let mut phase = |name: &str, t0: &mut std::time::Instant| {
    |         ----^^^^^
    |         |
    |         help: remove this `mut`
    |
    = note: `#[warn(unused_mut)]` (part of `#[warn(unused)]`) on by default

warning: unnecessary `unsafe` block
   --> src/keccak_vwide.rs:258:27
    |
258 |                 let out = unsafe { std::slice::from_raw_parts_mut(sb.add(w * 64), 64) };
    |                           ^^^^^^ unnecessary `unsafe` block
...
274 |     unsafe {
    |     ------ because it's nested under this `unsafe` block
...
277 |             push_z!(S0_W + i, &lanes[i]);
    |             ---------------------------- in this macro invocation
    |
    = note: `#[warn(unused_unsafe)]` (part of `#[warn(unused)]`) on by default
    = note: this warning originates in the macro `push_z` (in Nightly builds, run with -Z macro-backtrace for more info)

warning: unnecessary `unsafe` block
   --> src/keccak_vwide.rs:258:27
    |
258 |                 let out = unsafe { std::slice::from_raw_parts_mut(sb.add(w * 64), 64) };
    |                           ^^^^^^ unnecessary `unsafe` block
...
274 |     unsafe {
    |     ------ because it's nested under this `unsafe` block
...
287 |         push_z!(CONST_W, &one);
    |         ---------------------- in this macro invocation
    |
    = note: this warning originates in the macro `push_z` (in Nightly builds, run with -Z macro-backtrace for more info)

warning: unnecessary `unsafe` block
   --> src/keccak_vwide.rs:258:27
    |
258 |                 let out = unsafe { std::slice::from_raw_parts_mut(sb.add(w * 64), 64) };
    |                           ^^^^^^ unnecessary `unsafe` block
...
274 |     unsafe {
    |     ------ because it's nested under this `unsafe` block
...
319 |                     push_z!(w, &t[i]);
    |                     ----------------- in this macro invocation
    |
    = note: this warning originates in the macro `push_z` (in Nightly builds, run with -Z macro-backtrace for more info)

warning: unnecessary `unsafe` block
   --> src/keccak_vwide.rs:258:27
    |
258 |                 let out = unsafe { std::slice::from_raw_parts_mut(sb.add(w * 64), 64) };
    |                           ^^^^^^ unnecessary `unsafe` block
...
274 |     unsafe {
    |     ------ because it's nested under this `unsafe` block
...
338 |             push_z!(S24_W + i, &lanes[i]);
    |             ----------------------------- in this macro invocation
    |
    = note: this warning originates in the macro `push_z` (in Nightly builds, run with -Z macro-backtrace for more info)

warning: unnecessary `unsafe` block
   --> src/keccak_vwide.rs:261:13
    |
261 |             unsafe { wz.push(w, vals) };
    |             ^^^^^^ unnecessary `unsafe` block
...
274 |     unsafe {
    |     ------ because it's nested under this `unsafe` block
...
277 |             push_z!(S0_W + i, &lanes[i]);
    |             ---------------------------- in this macro invocation
    |
    = note: this warning originates in the macro `push_z` (in Nightly builds, run with -Z macro-backtrace for more info)

warning: unnecessary `unsafe` block
   --> src/keccak_vwide.rs:261:13
    |
261 |             unsafe { wz.push(w, vals) };
    |             ^^^^^^ unnecessary `unsafe` block
...
274 |     unsafe {
    |     ------ because it's nested under this `unsafe` block
...
287 |         push_z!(CONST_W, &one);
    |         ---------------------- in this macro invocation
    |
    = note: this warning originates in the macro `push_z` (in Nightly builds, run with -Z macro-backtrace for more info)

warning: unnecessary `unsafe` block
   --> src/keccak_vwide.rs:261:13
    |
261 |             unsafe { wz.push(w, vals) };
    |             ^^^^^^ unnecessary `unsafe` block
...
274 |     unsafe {
    |     ------ because it's nested under this `unsafe` block
...
319 |                     push_z!(w, &t[i]);
    |                     ----------------- in this macro invocation
    |
    = note: this warning originates in the macro `push_z` (in Nightly builds, run with -Z macro-backtrace for more info)

warning: unnecessary `unsafe` block
   --> src/keccak_vwide.rs:261:13
    |
261 |             unsafe { wz.push(w, vals) };
    |             ^^^^^^ unnecessary `unsafe` block
...
274 |     unsafe {
    |     ------ because it's nested under this `unsafe` block
...
338 |             push_z!(S24_W + i, &lanes[i]);
    |             ----------------------------- in this macro invocation
    |
    = note: this warning originates in the macro `push_z` (in Nightly builds, run with -Z macro-backtrace for more info)

warning: `flock-autoresearch-probes` (lib) generated 9 warnings (run `cargo fix --lib -p flock-autoresearch-probes` to apply 1 suggestion)
    Finished `release` profile [optimized + debuginfo] target(s) in 0.03s
     Running `target/release/e6_end_to_end --m 23,26,29 --iters 2 --tsv ../results/e6_2026-07-02.tsv`

== keccak e2e: m=23 (128 instances), 1 threads ==
L1' prove->verify roundtrip: OK
production prove->verify roundtrip: OK
variant               median ms     min ms
prove-production          10.62       9.98
prove-l1                  10.26      10.12
verify-production          3.81       3.78
verify-l1                  3.97       3.83

== keccak e2e: m=26 (1024 instances), 1 threads ==
L1' prove->verify roundtrip: OK
production prove->verify roundtrip: OK
variant               median ms     min ms
prove-production          57.48      56.85
prove-l1                  61.29      60.30
verify-production          4.23       4.18
verify-l1                  4.27       4.27

== keccak e2e: m=29 (8192 instances), 1 threads ==
L1' prove->verify roundtrip: OK
production prove->verify roundtrip: OK
variant               median ms     min ms
prove-production         451.95     446.78
prove-l1                 491.94     482.30
verify-production          4.68       4.58
verify-l1                  5.03       5.01
