warning: unnecessary `unsafe` block
   --> src/keccak_vwide.rs:258:27
    |
258 |                 let out = unsafe { std::slice::from_raw_parts_mut(sb.add(w * 64), 64) };
    |                           ^^^^^^ unnecessary `unsafe` block
...
275 |     unsafe {
    |     ------ because it's nested under this `unsafe` block
...
278 |             push_z!(S0_W + i, &lanes[i]);
    |             ---------------------------- in this macro invocation
    |
    = note: `#[warn(unused_unsafe)]` (part of `#[warn(unused)]`) on by default
    = note: this warning originates in the macro `push_z` (in Nightly builds, run with -Z macro-backtrace for more info)

warning: unnecessary `unsafe` block
   --> src/keccak_vwide.rs:258:27
    |
258 |                 let out = unsafe { std::slice::from_raw_parts_mut(sb.add(w * 64), 64) };
    |                           ^^^^^^ unnecessary `unsafe` block
...
275 |     unsafe {
    |     ------ because it's nested under this `unsafe` block
...
292 |             push_z!(w, &zeros);
    |             ------------------ in this macro invocation
    |
    = note: this warning originates in the macro `push_z` (in Nightly builds, run with -Z macro-backtrace for more info)

warning: unnecessary `unsafe` block
   --> src/keccak_vwide.rs:258:27
    |
258 |                 let out = unsafe { std::slice::from_raw_parts_mut(sb.add(w * 64), 64) };
    |                           ^^^^^^ unnecessary `unsafe` block
...
275 |     unsafe {
    |     ------ because it's nested under this `unsafe` block
...
302 |         push_z!(CONST_W, &one);
    |         ---------------------- in this macro invocation
    |
    = note: this warning originates in the macro `push_z` (in Nightly builds, run with -Z macro-backtrace for more info)

warning: unnecessary `unsafe` block
   --> src/keccak_vwide.rs:258:27
    |
258 |                 let out = unsafe { std::slice::from_raw_parts_mut(sb.add(w * 64), 64) };
    |                           ^^^^^^ unnecessary `unsafe` block
...
275 |     unsafe {
    |     ------ because it's nested under this `unsafe` block
...
334 |                     push_z!(w, &t[i]);
    |                     ----------------- in this macro invocation
    |
    = note: this warning originates in the macro `push_z` (in Nightly builds, run with -Z macro-backtrace for more info)

warning: unnecessary `unsafe` block
   --> src/keccak_vwide.rs:258:27
    |
258 |                 let out = unsafe { std::slice::from_raw_parts_mut(sb.add(w * 64), 64) };
    |                           ^^^^^^ unnecessary `unsafe` block
...
275 |     unsafe {
    |     ------ because it's nested under this `unsafe` block
...
353 |             push_z!(S24_W + i, &lanes[i]);
    |             ----------------------------- in this macro invocation
    |
    = note: this warning originates in the macro `push_z` (in Nightly builds, run with -Z macro-backtrace for more info)

warning: unnecessary `unsafe` block
   --> src/keccak_vwide.rs:258:27
    |
258 |                 let out = unsafe { std::slice::from_raw_parts_mut(sb.add(w * 64), 64) };
    |                           ^^^^^^ unnecessary `unsafe` block
...
275 |     unsafe {
    |     ------ because it's nested under this `unsafe` block
...
364 |             push_z!(w, &zeros);
    |             ------------------ in this macro invocation
    |
    = note: this warning originates in the macro `push_z` (in Nightly builds, run with -Z macro-backtrace for more info)

warning: unnecessary `unsafe` block
   --> src/keccak_vwide.rs:261:13
    |
261 |             unsafe { wz.push(w, vals) };
    |             ^^^^^^ unnecessary `unsafe` block
...
275 |     unsafe {
    |     ------ because it's nested under this `unsafe` block
...
278 |             push_z!(S0_W + i, &lanes[i]);
    |             ---------------------------- in this macro invocation
    |
    = note: this warning originates in the macro `push_z` (in Nightly builds, run with -Z macro-backtrace for more info)

warning: unnecessary `unsafe` block
   --> src/keccak_vwide.rs:261:13
    |
261 |             unsafe { wz.push(w, vals) };
    |             ^^^^^^ unnecessary `unsafe` block
...
275 |     unsafe {
    |     ------ because it's nested under this `unsafe` block
...
292 |             push_z!(w, &zeros);
    |             ------------------ in this macro invocation
    |
    = note: this warning originates in the macro `push_z` (in Nightly builds, run with -Z macro-backtrace for more info)

warning: unnecessary `unsafe` block
   --> src/keccak_vwide.rs:261:13
    |
261 |             unsafe { wz.push(w, vals) };
    |             ^^^^^^ unnecessary `unsafe` block
...
275 |     unsafe {
    |     ------ because it's nested under this `unsafe` block
...
302 |         push_z!(CONST_W, &one);
    |         ---------------------- in this macro invocation
    |
    = note: this warning originates in the macro `push_z` (in Nightly builds, run with -Z macro-backtrace for more info)

warning: unnecessary `unsafe` block
   --> src/keccak_vwide.rs:261:13
    |
261 |             unsafe { wz.push(w, vals) };
    |             ^^^^^^ unnecessary `unsafe` block
...
275 |     unsafe {
    |     ------ because it's nested under this `unsafe` block
...
334 |                     push_z!(w, &t[i]);
    |                     ----------------- in this macro invocation
    |
    = note: this warning originates in the macro `push_z` (in Nightly builds, run with -Z macro-backtrace for more info)

warning: unnecessary `unsafe` block
   --> src/keccak_vwide.rs:261:13
    |
261 |             unsafe { wz.push(w, vals) };
    |             ^^^^^^ unnecessary `unsafe` block
...
275 |     unsafe {
    |     ------ because it's nested under this `unsafe` block
...
353 |             push_z!(S24_W + i, &lanes[i]);
    |             ----------------------------- in this macro invocation
    |
    = note: this warning originates in the macro `push_z` (in Nightly builds, run with -Z macro-backtrace for more info)

warning: unnecessary `unsafe` block
   --> src/keccak_vwide.rs:261:13
    |
261 |             unsafe { wz.push(w, vals) };
    |             ^^^^^^ unnecessary `unsafe` block
...
275 |     unsafe {
    |     ------ because it's nested under this `unsafe` block
...
364 |             push_z!(w, &zeros);
    |             ------------------ in this macro invocation
    |
    = note: this warning originates in the macro `push_z` (in Nightly builds, run with -Z macro-backtrace for more info)

warning: `flock-autoresearch-probes` (lib) generated 12 warnings
    Finished `release` profile [optimized + debuginfo] target(s) in 0.09s
     Running `target/release/e6_end_to_end --hash all --backend both --m 23,26 --iters 3 --tsv ../results/e6b_2026-07-03.tsv`

== keccak e2e: m=23 (128 instances), 1 threads ==
basefold roundtrip: OK
prove-production-bf             10.16       9.73
prove-l1-bf                      9.09       9.00
verify-l1-bf                     3.42       3.37
ligerito roundtrip: OK
prove-production-lig             9.64       9.33
prove-l1-lig                     9.57       9.49
verify-l1-lig                    3.11       3.05

== keccak e2e: m=26 (1024 instances), 1 threads ==
basefold roundtrip: OK
prove-production-bf             54.21      53.91
prove-l1-bf                     54.96      54.77
verify-l1-bf                     3.97       3.94
ligerito roundtrip: OK
prove-production-lig            56.38      55.30
prove-l1-lig                    56.61      56.24
verify-l1-lig                    3.51       3.47

== sha2 e2e: m=23 (256 instances), 1 threads ==
basefold roundtrip: OK
prove-production-bf              9.52       9.42
prove-l1-bf                      9.53       9.43
verify-l1-bf                     2.67       2.62
ligerito roundtrip: OK
prove-production-lig            10.36      10.14
prove-l1-lig                     9.73       9.69
verify-l1-lig                    2.41       2.36

== sha2 e2e: m=26 (2048 instances), 1 threads ==
basefold roundtrip: OK
prove-production-bf             63.60      62.72
prove-l1-bf                     63.38      62.92
verify-l1-bf                     3.19       3.15
ligerito roundtrip: OK
prove-production-lig            65.22      65.20
prove-l1-lig                    66.56      66.04
verify-l1-lig                    2.49       2.43

== blake3 e2e: m=23 (512 instances), 1 threads ==
basefold roundtrip: OK
prove-production-bf             19.97      19.71
prove-l1-bf                     19.54      18.86
verify-l1-bf                    13.18      12.86
ligerito roundtrip: OK
prove-production-lig            20.41      20.09
prove-l1-lig                    20.71      20.09
verify-l1-lig                   12.79      12.61

== blake3 e2e: m=26 (4096 instances), 1 threads ==
basefold roundtrip: OK
prove-production-bf             74.36      73.39
prove-l1-bf                     74.54      73.10
verify-l1-bf                    13.39      13.31
ligerito roundtrip: OK
prove-production-lig            77.35      76.44
prove-l1-lig                    77.37      77.04
verify-l1-lig                   12.81      12.62
