warning: unnecessary `unsafe` block
   --> src/keccak_vwide.rs:258:27
    |
258 |                 let out = unsafe { std::slice::from_raw_parts_mut(sb.add(w * 64), 64) };
    |                           ^^^^^^ unnecessary `unsafe` block
...
275 |     unsafe {
    |     ------ because it's nested under this `unsafe` block
...
278 |             push_z!(S0_W + i, &lanes[i]);
    |             ---------------------------- in this macro invocation
    |
    = note: `#[warn(unused_unsafe)]` (part of `#[warn(unused)]`) on by default
    = note: this warning originates in the macro `push_z` (in Nightly builds, run with -Z macro-backtrace for more info)

warning: unnecessary `unsafe` block
   --> src/keccak_vwide.rs:258:27
    |
258 |                 let out = unsafe { std::slice::from_raw_parts_mut(sb.add(w * 64), 64) };
    |                           ^^^^^^ unnecessary `unsafe` block
...
275 |     unsafe {
    |     ------ because it's nested under this `unsafe` block
...
292 |             push_z!(w, &zeros);
    |             ------------------ in this macro invocation
    |
    = note: this warning originates in the macro `push_z` (in Nightly builds, run with -Z macro-backtrace for more info)

warning: unnecessary `unsafe` block
   --> src/keccak_vwide.rs:258:27
    |
258 |                 let out = unsafe { std::slice::from_raw_parts_mut(sb.add(w * 64), 64) };
    |                           ^^^^^^ unnecessary `unsafe` block
...
275 |     unsafe {
    |     ------ because it's nested under this `unsafe` block
...
302 |         push_z!(CONST_W, &one);
    |         ---------------------- in this macro invocation
    |
    = note: this warning originates in the macro `push_z` (in Nightly builds, run with -Z macro-backtrace for more info)

warning: unnecessary `unsafe` block
   --> src/keccak_vwide.rs:258:27
    |
258 |                 let out = unsafe { std::slice::from_raw_parts_mut(sb.add(w * 64), 64) };
    |                           ^^^^^^ unnecessary `unsafe` block
...
275 |     unsafe {
    |     ------ because it's nested under this `unsafe` block
...
334 |                     push_z!(w, &t[i]);
    |                     ----------------- in this macro invocation
    |
    = note: this warning originates in the macro `push_z` (in Nightly builds, run with -Z macro-backtrace for more info)

warning: unnecessary `unsafe` block
   --> src/keccak_vwide.rs:258:27
    |
258 |                 let out = unsafe { std::slice::from_raw_parts_mut(sb.add(w * 64), 64) };
    |                           ^^^^^^ unnecessary `unsafe` block
...
275 |     unsafe {
    |     ------ because it's nested under this `unsafe` block
...
353 |             push_z!(S24_W + i, &lanes[i]);
    |             ----------------------------- in this macro invocation
    |
    = note: this warning originates in the macro `push_z` (in Nightly builds, run with -Z macro-backtrace for more info)

warning: unnecessary `unsafe` block
   --> src/keccak_vwide.rs:258:27
    |
258 |                 let out = unsafe { std::slice::from_raw_parts_mut(sb.add(w * 64), 64) };
    |                           ^^^^^^ unnecessary `unsafe` block
...
275 |     unsafe {
    |     ------ because it's nested under this `unsafe` block
...
364 |             push_z!(w, &zeros);
    |             ------------------ in this macro invocation
    |
    = note: this warning originates in the macro `push_z` (in Nightly builds, run with -Z macro-backtrace for more info)

warning: unnecessary `unsafe` block
   --> src/keccak_vwide.rs:261:13
    |
261 |             unsafe { wz.push(w, vals) };
    |             ^^^^^^ unnecessary `unsafe` block
...
275 |     unsafe {
    |     ------ because it's nested under this `unsafe` block
...
278 |             push_z!(S0_W + i, &lanes[i]);
    |             ---------------------------- in this macro invocation
    |
    = note: this warning originates in the macro `push_z` (in Nightly builds, run with -Z macro-backtrace for more info)

warning: unnecessary `unsafe` block
   --> src/keccak_vwide.rs:261:13
    |
261 |             unsafe { wz.push(w, vals) };
    |             ^^^^^^ unnecessary `unsafe` block
...
275 |     unsafe {
    |     ------ because it's nested under this `unsafe` block
...
292 |             push_z!(w, &zeros);
    |             ------------------ in this macro invocation
    |
    = note: this warning originates in the macro `push_z` (in Nightly builds, run with -Z macro-backtrace for more info)

warning: unnecessary `unsafe` block
   --> src/keccak_vwide.rs:261:13
    |
261 |             unsafe { wz.push(w, vals) };
    |             ^^^^^^ unnecessary `unsafe` block
...
275 |     unsafe {
    |     ------ because it's nested under this `unsafe` block
...
302 |         push_z!(CONST_W, &one);
    |         ---------------------- in this macro invocation
    |
    = note: this warning originates in the macro `push_z` (in Nightly builds, run with -Z macro-backtrace for more info)

warning: unnecessary `unsafe` block
   --> src/keccak_vwide.rs:261:13
    |
261 |             unsafe { wz.push(w, vals) };
    |             ^^^^^^ unnecessary `unsafe` block
...
275 |     unsafe {
    |     ------ because it's nested under this `unsafe` block
...
334 |                     push_z!(w, &t[i]);
    |                     ----------------- in this macro invocation
    |
    = note: this warning originates in the macro `push_z` (in Nightly builds, run with -Z macro-backtrace for more info)

warning: unnecessary `unsafe` block
   --> src/keccak_vwide.rs:261:13
    |
261 |             unsafe { wz.push(w, vals) };
    |             ^^^^^^ unnecessary `unsafe` block
...
275 |     unsafe {
    |     ------ because it's nested under this `unsafe` block
...
353 |             push_z!(S24_W + i, &lanes[i]);
    |             ----------------------------- in this macro invocation
    |
    = note: this warning originates in the macro `push_z` (in Nightly builds, run with -Z macro-backtrace for more info)

warning: unnecessary `unsafe` block
   --> src/keccak_vwide.rs:261:13
    |
261 |             unsafe { wz.push(w, vals) };
    |             ^^^^^^ unnecessary `unsafe` block
...
275 |     unsafe {
    |     ------ because it's nested under this `unsafe` block
...
364 |             push_z!(w, &zeros);
    |             ------------------ in this macro invocation
    |
    = note: this warning originates in the macro `push_z` (in Nightly builds, run with -Z macro-backtrace for more info)

warning: `flock-autoresearch-probes` (lib) generated 12 warnings
    Finished `release` profile [optimized + debuginfo] target(s) in 0.02s
     Running `target/release/e6_end_to_end --hash all --backend ligerito --m 29 --iters 2 --tsv ../results/e6b_2026-07-03.tsv`

== keccak e2e: m=29 (8192 instances), 1 threads ==
ligerito roundtrip: OK
prove-production-lig           433.85     433.12
prove-l1-lig                   438.18     437.43
verify-l1-lig                    3.50       3.45

== sha2 e2e: m=29 (16384 instances), 1 threads ==
ligerito roundtrip: OK
prove-production-lig           513.62     513.08
prove-l1-lig                   519.14     518.11
verify-l1-lig                    2.68       2.64

== blake3 e2e: m=29 (32768 instances), 1 threads ==
ligerito roundtrip: OK
prove-production-lig           528.73     528.67
prove-l1-lig                   532.85     532.37
verify-l1-lig                   13.38      13.08
