warning: unnecessary `unsafe` block
   --> src/keccak_vwide.rs:258:27
    |
258 |                 let out = unsafe { std::slice::from_raw_parts_mut(sb.add(w * 64), 64) };
    |                           ^^^^^^ unnecessary `unsafe` block
...
275 |     unsafe {
    |     ------ because it's nested under this `unsafe` block
...
278 |             push_z!(S0_W + i, &lanes[i]);
    |             ---------------------------- in this macro invocation
    |
    = note: `#[warn(unused_unsafe)]` (part of `#[warn(unused)]`) on by default
    = note: this warning originates in the macro `push_z` (in Nightly builds, run with -Z macro-backtrace for more info)

warning: unnecessary `unsafe` block
   --> src/keccak_vwide.rs:258:27
    |
258 |                 let out = unsafe { std::slice::from_raw_parts_mut(sb.add(w * 64), 64) };
    |                           ^^^^^^ unnecessary `unsafe` block
...
275 |     unsafe {
    |     ------ because it's nested under this `unsafe` block
...
292 |             push_z!(w, &zeros);
    |             ------------------ in this macro invocation
    |
    = note: this warning originates in the macro `push_z` (in Nightly builds, run with -Z macro-backtrace for more info)

warning: unnecessary `unsafe` block
   --> src/keccak_vwide.rs:258:27
    |
258 |                 let out = unsafe { std::slice::from_raw_parts_mut(sb.add(w * 64), 64) };
    |                           ^^^^^^ unnecessary `unsafe` block
...
275 |     unsafe {
    |     ------ because it's nested under this `unsafe` block
...
302 |         push_z!(CONST_W, &one);
    |         ---------------------- in this macro invocation
    |
    = note: this warning originates in the macro `push_z` (in Nightly builds, run with -Z macro-backtrace for more info)

warning: unnecessary `unsafe` block
   --> src/keccak_vwide.rs:258:27
    |
258 |                 let out = unsafe { std::slice::from_raw_parts_mut(sb.add(w * 64), 64) };
    |                           ^^^^^^ unnecessary `unsafe` block
...
275 |     unsafe {
    |     ------ because it's nested under this `unsafe` block
...
334 |                     push_z!(w, &t[i]);
    |                     ----------------- in this macro invocation
    |
    = note: this warning originates in the macro `push_z` (in Nightly builds, run with -Z macro-backtrace for more info)

warning: unnecessary `unsafe` block
   --> src/keccak_vwide.rs:258:27
    |
258 |                 let out = unsafe { std::slice::from_raw_parts_mut(sb.add(w * 64), 64) };
    |                           ^^^^^^ unnecessary `unsafe` block
...
275 |     unsafe {
    |     ------ because it's nested under this `unsafe` block
...
353 |             push_z!(S24_W + i, &lanes[i]);
    |             ----------------------------- in this macro invocation
    |
    = note: this warning originates in the macro `push_z` (in Nightly builds, run with -Z macro-backtrace for more info)

warning: unnecessary `unsafe` block
   --> src/keccak_vwide.rs:258:27
    |
258 |                 let out = unsafe { std::slice::from_raw_parts_mut(sb.add(w * 64), 64) };
    |                           ^^^^^^ unnecessary `unsafe` block
...
275 |     unsafe {
    |     ------ because it's nested under this `unsafe` block
...
364 |             push_z!(w, &zeros);
    |             ------------------ in this macro invocation
    |
    = note: this warning originates in the macro `push_z` (in Nightly builds, run with -Z macro-backtrace for more info)

warning: unnecessary `unsafe` block
   --> src/keccak_vwide.rs:261:13
    |
261 |             unsafe { wz.push(w, vals) };
    |             ^^^^^^ unnecessary `unsafe` block
...
275 |     unsafe {
    |     ------ because it's nested under this `unsafe` block
...
278 |             push_z!(S0_W + i, &lanes[i]);
    |             ---------------------------- in this macro invocation
    |
    = note: this warning originates in the macro `push_z` (in Nightly builds, run with -Z macro-backtrace for more info)

warning: unnecessary `unsafe` block
   --> src/keccak_vwide.rs:261:13
    |
261 |             unsafe { wz.push(w, vals) };
    |             ^^^^^^ unnecessary `unsafe` block
...
275 |     unsafe {
    |     ------ because it's nested under this `unsafe` block
...
292 |             push_z!(w, &zeros);
    |             ------------------ in this macro invocation
    |
    = note: this warning originates in the macro `push_z` (in Nightly builds, run with -Z macro-backtrace for more info)

warning: unnecessary `unsafe` block
   --> src/keccak_vwide.rs:261:13
    |
261 |             unsafe { wz.push(w, vals) };
    |             ^^^^^^ unnecessary `unsafe` block
...
275 |     unsafe {
    |     ------ because it's nested under this `unsafe` block
...
302 |         push_z!(CONST_W, &one);
    |         ---------------------- in this macro invocation
    |
    = note: this warning originates in the macro `push_z` (in Nightly builds, run with -Z macro-backtrace for more info)

warning: unnecessary `unsafe` block
   --> src/keccak_vwide.rs:261:13
    |
261 |             unsafe { wz.push(w, vals) };
    |             ^^^^^^ unnecessary `unsafe` block
...
275 |     unsafe {
    |     ------ because it's nested under this `unsafe` block
...
334 |                     push_z!(w, &t[i]);
    |                     ----------------- in this macro invocation
    |
    = note: this warning originates in the macro `push_z` (in Nightly builds, run with -Z macro-backtrace for more info)

warning: unnecessary `unsafe` block
   --> src/keccak_vwide.rs:261:13
    |
261 |             unsafe { wz.push(w, vals) };
    |             ^^^^^^ unnecessary `unsafe` block
...
275 |     unsafe {
    |     ------ because it's nested under this `unsafe` block
...
353 |             push_z!(S24_W + i, &lanes[i]);
    |             ----------------------------- in this macro invocation
    |
    = note: this warning originates in the macro `push_z` (in Nightly builds, run with -Z macro-backtrace for more info)

warning: unnecessary `unsafe` block
   --> src/keccak_vwide.rs:261:13
    |
261 |             unsafe { wz.push(w, vals) };
    |             ^^^^^^ unnecessary `unsafe` block
...
275 |     unsafe {
    |     ------ because it's nested under this `unsafe` block
...
364 |             push_z!(w, &zeros);
    |             ------------------ in this macro invocation
    |
    = note: this warning originates in the macro `push_z` (in Nightly builds, run with -Z macro-backtrace for more info)

warning: `flock-autoresearch-probes` (lib) generated 12 warnings
    Finished `release` profile [optimized + debuginfo] target(s) in 0.03s
     Running `target/release/e6_end_to_end --hash all --backend both --m 23,26,29 --iters 5 --tsv ../results/e6b_2026-07-03.tsv`

== keccak e2e: m=23 (128 instances), 8 threads ==
basefold roundtrip: OK
prove-production-bf              6.07       5.76
prove-l1-bf                      5.85       5.73
verify-l1-bf                     3.58       3.47
ligerito roundtrip: OK
prove-production-lig             6.52       6.28
prove-l1-lig                     6.48       6.22
verify-l1-lig                    3.22       3.20

== keccak e2e: m=26 (1024 instances), 8 threads ==
basefold roundtrip: OK
prove-production-bf             14.38      13.68
prove-l1-bf                     14.24      13.74
verify-l1-bf                     4.08       3.96
ligerito roundtrip: OK
prove-production-lig            15.96      15.25
prove-l1-lig                    16.88      16.16
verify-l1-lig                    3.43       3.35

== keccak e2e: m=29 (8192 instances), 8 threads ==
basefold roundtrip: OK
prove-production-bf             75.53      71.85
prove-l1-bf                     77.91      77.05
verify-l1-bf                     4.64       4.45
ligerito roundtrip: OK
prove-production-lig            86.52      84.65
prove-l1-lig                    86.23      84.82
verify-l1-lig                    3.74       3.54

== sha2 e2e: m=23 (256 instances), 8 threads ==
basefold roundtrip: OK
prove-production-bf              5.79       5.37
prove-l1-bf                      6.22       5.81
verify-l1-bf                     2.54       2.36
ligerito roundtrip: OK
prove-production-lig             7.14       6.72
prove-l1-lig                     7.05       5.94
verify-l1-lig                    1.97       1.94

== sha2 e2e: m=26 (2048 instances), 8 threads ==
basefold roundtrip: OK
prove-production-bf             15.28      15.06
prove-l1-bf                     15.14      14.73
verify-l1-bf                     2.92       2.85
ligerito roundtrip: OK
prove-production-lig            17.96      16.60
prove-l1-lig                    16.95      15.66
verify-l1-lig                    2.07       2.04

== sha2 e2e: m=29 (16384 instances), 8 threads ==
basefold roundtrip: OK
prove-production-bf             86.02      84.89
prove-l1-bf                     86.08      85.14
verify-l1-bf                     3.37       3.34
ligerito roundtrip: OK
prove-production-lig            95.35      94.05
prove-l1-lig                    97.39      93.88
verify-l1-lig                    2.45       2.38

== blake3 e2e: m=23 (512 instances), 8 threads ==
basefold roundtrip: OK
prove-production-bf              5.88       5.53
prove-l1-bf                      5.58       5.44
verify-l1-bf                     3.60       3.48
ligerito roundtrip: OK
prove-production-lig             7.72       6.21
prove-l1-lig                     6.23       6.14
verify-l1-lig                    3.20       3.16

== blake3 e2e: m=26 (4096 instances), 8 threads ==
basefold roundtrip: OK
prove-production-bf             14.47      14.15
prove-l1-bf                     15.09      13.85
verify-l1-bf                     4.16       4.00
ligerito roundtrip: OK
prove-production-lig            17.96      16.98
prove-l1-lig                    18.55      16.97
verify-l1-lig                    3.39       3.36

== blake3 e2e: m=29 (32768 instances), 8 threads ==
basefold roundtrip: OK
prove-production-bf             86.02      83.70
prove-l1-bf                     88.56      84.43
verify-l1-bf                     4.62       4.56
ligerito roundtrip: OK
prove-production-lig           101.09      98.16
prove-l1-lig                   100.76      98.73
verify-l1-lig                    4.03       3.64
